<?xml version="1.0" encoding="UTF-8"?>
<testsuite name="TestSuite" time="275.166" tests="5" errors="0" skipped="0" failures="1">
  <properties>
[...]
</properties>
  <testcase name="testAssDocGenDataGathering" classname="com.deloitte.automation.poc.PolicyCreator" time="89.91">
    <failure message="Verification failures:&#10;java.lang.AssertionError: Element: &apos;producContextInfoForm:policyDetail_policyStatusCdText&apos; text expected [Policy Active] but found [Policy Expired]&#10;	at com.exigen.automation.helper.SoftAssert.verifyEquals(SoftAssert.java:133)&#10;	at com.exigen.automation.helper.ExtendedAssert.verifyEquals(ExtendedAssert.java:100)&#10;	at com.exigen.automation.helper.SeleniumUtils.verifyTextOfElementEquals(SeleniumUtils.java:1722)&#10;	at com.exigen.automation.helper.SeleniumUtils.verifyTextOfElementEquals(SeleniumUtils.java:1712)&#10;	at com.deloitte.automation.poc.PolicyCreator.testAssDocGenDataGathering(PolicyCreator.java:133)&#10;" type="java.lang.AssertionError">java.lang.AssertionError: Verification failures:
java.lang.AssertionError: Element: 'producContextInfoForm:policyDetail_policyStatusCdText' text expected [Policy Active] but found [Policy Expired]
	at com.exigen.automation.helper.SoftAssert.verifyEquals(SoftAssert.java:133)
	at com.exigen.automation.helper.ExtendedAssert.verifyEquals(ExtendedAssert.java:100)
	at com.exigen.automation.helper.SeleniumUtils.verifyTextOfElementEquals(SeleniumUtils.java:1722)
	at com.exigen.automation.helper.SeleniumUtils.verifyTextOfElementEquals(SeleniumUtils.java:1712)
	at com.deloitte.automation.poc.PolicyCreator.testAssDocGenDataGathering(PolicyCreator.java:133)

	at org.testng.Assert.fail(Assert.java:94)
	at com.exigen.automation.helper.SoftAssert.checkForVerificationErrors(SoftAssert.java:218)
	at com.exigen.automation.helper.ExtendedAssert.checkForVerificationErrors(ExtendedAssert.java:120)
	at com.deloitte.automation.poc.PolicyCreator.testAssDocGenDataGathering(PolicyCreator.java:147)
</failure>
    <system-out>-----> Selenium Server Started



Build: EIS_5.2.34-AAA_PAS07-20150807-68056
Instance: http://dev2aaa3was405.eqxdev.exigengroup.com

=====> AZ_testAssDocGenDataGathering: Started
==========================================
AZ Account created with number: 800036034
==========================================
Verification failed: Element: 'producContextInfoForm:policyDetail_policyStatusCdText' text expected [Policy Active] but found [Policy Expired]
Verify Screenshot created: PolicyCreator.testAssDocGenDataGathering(133)_98414.png

OK_active_policy_1--OKSS910091960is created.
Unable to create policy for the sequence 1
</system-out>
  </testcase>
  <testcase name="testAssDocGenDataGathering" classname="com.deloitte.automation.poc.PolicyCreator" time="64.593"/>
  <testcase name="testAssDocGenDataGathering" classname="com.deloitte.automation.poc.PolicyCreator" time="68.879"/>
  <testcase name="setDateTimeTest" classname="com.exigen.automation.testcase.commonTests.SetDateTimeParamTestNew" time="0.42"/>
  <testcase name="timeAndJobExecutor" classname="com.deloitte.automation.poc.TimeChangeAndJobExecutor" time="51.364"/>
</testsuite>